<?xml version="1.0" encoding="UTF-8"?>
<!-- Generated by org.testng.reporters.JUnitReportReporter -->
<testsuite hostname="LMMUMLP0202" failures="0" tests="1" name="Day2.NewTest" time="53.277" errors="0" timestamp="2024-02-02T15:39:27 IST" skipped="0">
  <testcase classname="Day2.NewTest" name="f" time="53.277"/>
</testsuite> <!-- Day2.NewTest -->
