<?xml version="1.0" encoding="UTF-8"?>
<!-- Generated by org.testng.reporters.JUnitReportReporter -->
<testsuite hostname="LMMUMLP0202" failures="0" tests="1" name="Assignment.BitbarTest" time="35.809" errors="0" timestamp="2024-02-04T21:46:33 IST" skipped="0">
  <testcase classname="Assignment.BitbarTest" name="f" time="35.809"/>
</testsuite> <!-- Assignment.BitbarTest -->
